{"/Users/sorsa/Desktop/github/hyo_fullstack_kurssi/viikko_5/blogs/frontend/src/App.jsx": {"path":"/Users/sorsa/Desktop/github/hyo_fullstack_kurssi/viikko_5/blogs/frontend/src/App.jsx","statementMap":{"0":{"start":{"line":17,"column":12},"end":{"line":308,"column":1}},"1":{"start":{"line":19,"column":28},"end":{"line":19,"column":40}},"2":{"start":{"line":20,"column":26},"end":{"line":20,"column":40}},"3":{"start":{"line":22,"column":42},"end":{"line":22,"column":56}},"4":{"start":{"line":23,"column":50},"end":{"line":23,"column":64}},"5":{"start":{"line":25,"column":34},"end":{"line":25,"column":46}},"6":{"start":{"line":26,"column":34},"end":{"line":26,"column":46}},"7":{"start":{"line":28,"column":22},"end":{"line":28,"column":30}},"8":{"start":{"line":32,"column":2},"end":{"line":36,"column":8}},"9":{"start":{"line":33,"column":4},"end":{"line":35,"column":5}},"10":{"start":{"line":34,"column":6},"end":{"line":34,"column":49}},"11":{"start":{"line":38,"column":2},"end":{"line":45,"column":8}},"12":{"start":{"line":39,"column":27},"end":{"line":39,"column":77}},"13":{"start":{"line":40,"column":4},"end":{"line":44,"column":5}},"14":{"start":{"line":41,"column":20},"end":{"line":41,"column":46}},"15":{"start":{"line":42,"column":6},"end":{"line":42,"column":20}},"16":{"start":{"line":43,"column":6},"end":{"line":43,"column":39}},"17":{"start":{"line":51,"column":22},"end":{"line":55,"column":3}},"18":{"start":{"line":52,"column":4},"end":{"line":52,"column":26}},"19":{"start":{"line":53,"column":4},"end":{"line":53,"column":54}},"20":{"start":{"line":54,"column":4},"end":{"line":54,"column":16}},"21":{"start":{"line":61,"column":21},"end":{"line":78,"column":3}},"22":{"start":{"line":62,"column":4},"end":{"line":77,"column":5}},"23":{"start":{"line":63,"column":20},"end":{"line":63,"column":68}},"24":{"start":{"line":64,"column":6},"end":{"line":64,"column":20}},"25":{"start":{"line":65,"column":6},"end":{"line":65,"column":39}},"26":{"start":{"line":66,"column":6},"end":{"line":68,"column":7}},"27":{"start":{"line":69,"column":6},"end":{"line":69,"column":28}},"28":{"start":{"line":70,"column":6},"end":{"line":70,"column":36}},"29":{"start":{"line":73,"column":6},"end":{"line":73,"column":42}},"30":{"start":{"line":74,"column":6},"end":{"line":76,"column":14}},"31":{"start":{"line":75,"column":8},"end":{"line":75,"column":29}},"32":{"start":{"line":83,"column":31},"end":{"line":87,"column":3}},"33":{"start":{"line":84,"column":4},"end":{"line":84,"column":19}},"34":{"start":{"line":85,"column":4},"end":{"line":85,"column":19}},"35":{"start":{"line":86,"column":4},"end":{"line":86,"column":55}},"36":{"start":{"line":92,"column":28},"end":{"line":97,"column":3}},"37":{"start":{"line":93,"column":4},"end":{"line":93,"column":56}},"38":{"start":{"line":94,"column":4},"end":{"line":94,"column":57}},"39":{"start":{"line":95,"column":4},"end":{"line":95,"column":54}},"40":{"start":{"line":96,"column":4},"end":{"line":96,"column":56}},"41":{"start":{"line":102,"column":25},"end":{"line":104,"column":3}},"42":{"start":{"line":103,"column":4},"end":{"line":103,"column":35}},"43":{"start":{"line":109,"column":25},"end":{"line":111,"column":3}},"44":{"start":{"line":110,"column":4},"end":{"line":110,"column":35}},"45":{"start":{"line":116,"column":20},"end":{"line":122,"column":3}},"46":{"start":{"line":117,"column":4},"end":{"line":121,"column":5}},"47":{"start":{"line":127,"column":19},"end":{"line":131,"column":3}},"48":{"start":{"line":128,"column":4},"end":{"line":130,"column":5}},"49":{"start":{"line":133,"column":24},"end":{"line":157,"column":3}},"50":{"start":{"line":134,"column":4},"end":{"line":134,"column":26}},"51":{"start":{"line":135,"column":4},"end":{"line":156,"column":5}},"52":{"start":{"line":137,"column":22},"end":{"line":137,"column":33}},"53":{"start":{"line":138,"column":6},"end":{"line":138,"column":26}},"54":{"start":{"line":139,"column":20},"end":{"line":139,"column":44}},"55":{"start":{"line":140,"column":21},"end":{"line":140,"column":62}},"56":{"start":{"line":141,"column":6},"end":{"line":150,"column":7}},"57":{"start":{"line":143,"column":8},"end":{"line":143,"column":48}},"58":{"start":{"line":144,"column":8},"end":{"line":144,"column":81}},"59":{"start":{"line":145,"column":8},"end":{"line":145,"column":77}},"60":{"start":{"line":149,"column":8},"end":{"line":149,"column":73}},"61":{"start":{"line":154,"column":6},"end":{"line":154,"column":55}},"62":{"start":{"line":155,"column":6},"end":{"line":155,"column":71}},"63":{"start":{"line":159,"column":22},"end":{"line":176,"column":3}},"64":{"start":{"line":160,"column":4},"end":{"line":160,"column":26}},"65":{"start":{"line":161,"column":15},"end":{"line":161,"column":87}},"66":{"start":{"line":162,"column":4},"end":{"line":175,"column":5}},"67":{"start":{"line":164,"column":18},"end":{"line":164,"column":62}},"68":{"start":{"line":165,"column":6},"end":{"line":165,"column":34}},"69":{"start":{"line":166,"column":6},"end":{"line":174,"column":7}},"70":{"start":{"line":168,"column":8},"end":{"line":168,"column":41}},"71":{"start":{"line":169,"column":8},"end":{"line":169,"column":50}},"72":{"start":{"line":173,"column":8},"end":{"line":173,"column":71}},"73":{"start":{"line":181,"column":20},"end":{"line":187,"column":3}},"74":{"start":{"line":182,"column":4},"end":{"line":186,"column":5}},"75":{"start":{"line":192,"column":25},"end":{"line":198,"column":3}},"76":{"start":{"line":193,"column":4},"end":{"line":197,"column":5}},"77":{"start":{"line":203,"column":22},"end":{"line":205,"column":3}},"78":{"start":{"line":204,"column":4},"end":{"line":204,"column":55}},"79":{"start":{"line":210,"column":28},"end":{"line":212,"column":3}},"80":{"start":{"line":211,"column":4},"end":{"line":211,"column":44}},"81":{"start":{"line":218,"column":24},"end":{"line":238,"column":3}},"82":{"start":{"line":219,"column":4},"end":{"line":237,"column":5}},"83":{"start":{"line":220,"column":22},"end":{"line":220,"column":58}},"84":{"start":{"line":221,"column":6},"end":{"line":232,"column":7}},"85":{"start":{"line":222,"column":24},"end":{"line":222,"column":67}},"86":{"start":{"line":223,"column":8},"end":{"line":223,"column":67}},"87":{"start":{"line":224,"column":8},"end":{"line":224,"column":27}},"88":{"start":{"line":225,"column":8},"end":{"line":225,"column":105}},"89":{"start":{"line":227,"column":8},"end":{"line":227,"column":46}},"90":{"start":{"line":231,"column":8},"end":{"line":231,"column":116}},"91":{"start":{"line":235,"column":6},"end":{"line":235,"column":31}},"92":{"start":{"line":236,"column":6},"end":{"line":236,"column":114}},"93":{"start":{"line":244,"column":30},"end":{"line":249,"column":3}},"94":{"start":{"line":245,"column":4},"end":{"line":245,"column":26}},"95":{"start":{"line":246,"column":4},"end":{"line":246,"column":30}},"96":{"start":{"line":247,"column":4},"end":{"line":247,"column":29}},"97":{"start":{"line":248,"column":4},"end":{"line":248,"column":28}},"98":{"start":{"line":255,"column":28},"end":{"line":260,"column":3}},"99":{"start":{"line":256,"column":4},"end":{"line":256,"column":26}},"100":{"start":{"line":257,"column":4},"end":{"line":257,"column":30}},"101":{"start":{"line":259,"column":4},"end":{"line":259,"column":28}},"102":{"start":{"line":265,"column":31},"end":{"line":268,"column":3}},"103":{"start":{"line":266,"column":4},"end":{"line":266,"column":25}},"104":{"start":{"line":267,"column":4},"end":{"line":267,"column":34}},"105":{"start":{"line":273,"column":33},"end":{"line":278,"column":3}},"106":{"start":{"line":274,"column":4},"end":{"line":277,"column":12}},"107":{"start":{"line":275,"column":6},"end":{"line":275,"column":27}},"108":{"start":{"line":276,"column":6},"end":{"line":276,"column":36}},"109":{"start":{"line":283,"column":23},"end":{"line":287,"column":3}},"110":{"start":{"line":284,"column":4},"end":{"line":284,"column":26}},"111":{"start":{"line":285,"column":4},"end":{"line":285,"column":57}},"112":{"start":{"line":286,"column":4},"end":{"line":286,"column":17}},"113":{"start":{"line":289,"column":2},"end":{"line":307,"column":3}}},"fnMap":{"0":{"name":"(anonymous_0)","decl":{"start":{"line":17,"column":12},"end":{"line":17,"column":13}},"loc":{"start":{"line":17,"column":18},"end":{"line":308,"column":1}},"line":17},"1":{"name":"(anonymous_1)","decl":{"start":{"line":32,"column":12},"end":{"line":32,"column":13}},"loc":{"start":{"line":32,"column":18},"end":{"line":36,"column":3}},"line":32},"2":{"name":"(anonymous_2)","decl":{"start":{"line":33,"column":30},"end":{"line":33,"column":31}},"loc":{"start":{"line":34,"column":6},"end":{"line":34,"column":49}},"line":34},"3":{"name":"(anonymous_3)","decl":{"start":{"line":38,"column":12},"end":{"line":38,"column":13}},"loc":{"start":{"line":38,"column":18},"end":{"line":45,"column":3}},"line":38},"4":{"name":"(anonymous_4)","decl":{"start":{"line":51,"column":22},"end":{"line":51,"column":23}},"loc":{"start":{"line":51,"column":33},"end":{"line":55,"column":3}},"line":51},"5":{"name":"(anonymous_5)","decl":{"start":{"line":61,"column":21},"end":{"line":61,"column":22}},"loc":{"start":{"line":61,"column":33},"end":{"line":78,"column":3}},"line":61},"6":{"name":"(anonymous_6)","decl":{"start":{"line":74,"column":17},"end":{"line":74,"column":18}},"loc":{"start":{"line":74,"column":23},"end":{"line":76,"column":7}},"line":74},"7":{"name":"(anonymous_7)","decl":{"start":{"line":83,"column":31},"end":{"line":83,"column":32}},"loc":{"start":{"line":83,"column":37},"end":{"line":87,"column":3}},"line":83},"8":{"name":"(anonymous_8)","decl":{"start":{"line":92,"column":28},"end":{"line":92,"column":29}},"loc":{"start":{"line":92,"column":34},"end":{"line":97,"column":3}},"line":92},"9":{"name":"(anonymous_9)","decl":{"start":{"line":102,"column":25},"end":{"line":102,"column":26}},"loc":{"start":{"line":102,"column":36},"end":{"line":104,"column":3}},"line":102},"10":{"name":"(anonymous_10)","decl":{"start":{"line":109,"column":25},"end":{"line":109,"column":26}},"loc":{"start":{"line":109,"column":36},"end":{"line":111,"column":3}},"line":109},"11":{"name":"(anonymous_11)","decl":{"start":{"line":116,"column":20},"end":{"line":116,"column":21}},"loc":{"start":{"line":116,"column":26},"end":{"line":122,"column":3}},"line":116},"12":{"name":"(anonymous_12)","decl":{"start":{"line":127,"column":19},"end":{"line":127,"column":20}},"loc":{"start":{"line":127,"column":25},"end":{"line":131,"column":3}},"line":127},"13":{"name":"(anonymous_13)","decl":{"start":{"line":133,"column":24},"end":{"line":133,"column":25}},"loc":{"start":{"line":133,"column":44},"end":{"line":157,"column":3}},"line":133},"14":{"name":"(anonymous_14)","decl":{"start":{"line":159,"column":22},"end":{"line":159,"column":23}},"loc":{"start":{"line":159,"column":43},"end":{"line":176,"column":3}},"line":159},"15":{"name":"(anonymous_15)","decl":{"start":{"line":181,"column":20},"end":{"line":181,"column":21}},"loc":{"start":{"line":181,"column":26},"end":{"line":187,"column":3}},"line":181},"16":{"name":"(anonymous_16)","decl":{"start":{"line":192,"column":25},"end":{"line":192,"column":26}},"loc":{"start":{"line":192,"column":31},"end":{"line":198,"column":3}},"line":192},"17":{"name":"(anonymous_17)","decl":{"start":{"line":203,"column":22},"end":{"line":203,"column":23}},"loc":{"start":{"line":203,"column":28},"end":{"line":205,"column":3}},"line":203},"18":{"name":"(anonymous_18)","decl":{"start":{"line":210,"column":28},"end":{"line":210,"column":29}},"loc":{"start":{"line":210,"column":42},"end":{"line":212,"column":3}},"line":210},"19":{"name":"(anonymous_19)","decl":{"start":{"line":218,"column":24},"end":{"line":218,"column":25}},"loc":{"start":{"line":218,"column":46},"end":{"line":238,"column":3}},"line":218},"20":{"name":"(anonymous_20)","decl":{"start":{"line":244,"column":30},"end":{"line":244,"column":31}},"loc":{"start":{"line":244,"column":40},"end":{"line":249,"column":3}},"line":244},"21":{"name":"(anonymous_21)","decl":{"start":{"line":255,"column":28},"end":{"line":255,"column":29}},"loc":{"start":{"line":255,"column":38},"end":{"line":260,"column":3}},"line":255},"22":{"name":"(anonymous_22)","decl":{"start":{"line":265,"column":31},"end":{"line":265,"column":32}},"loc":{"start":{"line":265,"column":37},"end":{"line":268,"column":3}},"line":265},"23":{"name":"(anonymous_23)","decl":{"start":{"line":273,"column":33},"end":{"line":273,"column":34}},"loc":{"start":{"line":273,"column":39},"end":{"line":278,"column":3}},"line":273},"24":{"name":"(anonymous_24)","decl":{"start":{"line":274,"column":15},"end":{"line":274,"column":16}},"loc":{"start":{"line":274,"column":21},"end":{"line":277,"column":5}},"line":274},"25":{"name":"(anonymous_25)","decl":{"start":{"line":283,"column":23},"end":{"line":283,"column":24}},"loc":{"start":{"line":283,"column":34},"end":{"line":287,"column":3}},"line":283}},"branchMap":{"0":{"loc":{"start":{"line":40,"column":4},"end":{"line":44,"column":5}},"type":"if","locations":[{"start":{"line":40,"column":4},"end":{"line":44,"column":5}},{"start":{},"end":{}}],"line":40},"1":{"loc":{"start":{"line":141,"column":6},"end":{"line":150,"column":7}},"type":"if","locations":[{"start":{"line":141,"column":6},"end":{"line":150,"column":7}},{"start":{"line":148,"column":6},"end":{"line":150,"column":7}}],"line":141},"2":{"loc":{"start":{"line":162,"column":4},"end":{"line":175,"column":5}},"type":"if","locations":[{"start":{"line":162,"column":4},"end":{"line":175,"column":5}},{"start":{},"end":{}}],"line":162},"3":{"loc":{"start":{"line":166,"column":6},"end":{"line":174,"column":7}},"type":"if","locations":[{"start":{"line":166,"column":6},"end":{"line":174,"column":7}},{"start":{"line":172,"column":6},"end":{"line":174,"column":7}}],"line":166},"4":{"loc":{"start":{"line":221,"column":6},"end":{"line":232,"column":7}},"type":"if","locations":[{"start":{"line":221,"column":6},"end":{"line":232,"column":7}},{"start":{"line":230,"column":6},"end":{"line":232,"column":7}}],"line":221},"5":{"loc":{"start":{"line":295,"column":9},"end":{"line":295,"column":29}},"type":"binary-expr","locations":[{"start":{"line":295,"column":9},"end":{"line":295,"column":14}},{"start":{"line":295,"column":18},"end":{"line":295,"column":29}}],"line":295},"6":{"loc":{"start":{"line":298,"column":9},"end":{"line":298,"column":27}},"type":"binary-expr","locations":[{"start":{"line":298,"column":9},"end":{"line":298,"column":13}},{"start":{"line":298,"column":17},"end":{"line":298,"column":27}}],"line":298},"7":{"loc":{"start":{"line":301,"column":9},"end":{"line":301,"column":28}},"type":"binary-expr","locations":[{"start":{"line":301,"column":9},"end":{"line":301,"column":13}},{"start":{"line":301,"column":17},"end":{"line":301,"column":28}}],"line":301},"8":{"loc":{"start":{"line":304,"column":9},"end":{"line":304,"column":33}},"type":"binary-expr","locations":[{"start":{"line":304,"column":9},"end":{"line":304,"column":13}},{"start":{"line":304,"column":17},"end":{"line":304,"column":33}}],"line":304}},"s":{"0":0,"1":0,"2":0,"3":0,"4":0,"5":0,"6":0,"7":0,"8":0,"9":0,"10":0,"11":0,"12":0,"13":0,"14":0,"15":0,"16":0,"17":0,"18":0,"19":0,"20":0,"21":0,"22":0,"23":0,"24":0,"25":0,"26":0,"27":0,"28":0,"29":0,"30":0,"31":0,"32":0,"33":0,"34":0,"35":0,"36":0,"37":0,"38":0,"39":0,"40":0,"41":0,"42":0,"43":0,"44":0,"45":0,"46":0,"47":0,"48":0,"49":0,"50":0,"51":0,"52":0,"53":0,"54":0,"55":0,"56":0,"57":0,"58":0,"59":0,"60":0,"61":0,"62":0,"63":0,"64":0,"65":0,"66":0,"67":0,"68":0,"69":0,"70":0,"71":0,"72":0,"73":0,"74":0,"75":0,"76":0,"77":0,"78":0,"79":0,"80":0,"81":0,"82":0,"83":0,"84":0,"85":0,"86":0,"87":0,"88":0,"89":0,"90":0,"91":0,"92":0,"93":0,"94":0,"95":0,"96":0,"97":0,"98":0,"99":0,"100":0,"101":0,"102":0,"103":0,"104":0,"105":0,"106":0,"107":0,"108":0,"109":0,"110":0,"111":0,"112":0,"113":0},"f":{"0":0,"1":0,"2":0,"3":0,"4":0,"5":0,"6":0,"7":0,"8":0,"9":0,"10":0,"11":0,"12":0,"13":0,"14":0,"15":0,"16":0,"17":0,"18":0,"19":0,"20":0,"21":0,"22":0,"23":0,"24":0,"25":0},"b":{"0":[0,0],"1":[0,0],"2":[0,0],"3":[0,0],"4":[0,0],"5":[0,0],"6":[0,0],"7":[0,0],"8":[0,0]}}
,"/Users/sorsa/Desktop/github/hyo_fullstack_kurssi/viikko_5/blogs/frontend/src/main.jsx": {"path":"/Users/sorsa/Desktop/github/hyo_fullstack_kurssi/viikko_5/blogs/frontend/src/main.jsx","statementMap":{"0":{"start":{"line":4,"column":0},"end":{"line":4,"column":68}}},"fnMap":{},"branchMap":{},"s":{"0":0},"f":{},"b":{}}
,"/Users/sorsa/Desktop/github/hyo_fullstack_kurssi/viikko_5/blogs/frontend/src/alerts/Notification.jsx": {"path":"/Users/sorsa/Desktop/github/hyo_fullstack_kurssi/viikko_5/blogs/frontend/src/alerts/Notification.jsx","statementMap":{"0":{"start":{"line":1,"column":21},"end":{"line":23,"column":1}},"1":{"start":{"line":2,"column":2},"end":{"line":22,"column":3}},"2":{"start":{"line":4,"column":4},"end":{"line":4,"column":15}},"3":{"start":{"line":8,"column":4},"end":{"line":21,"column":5}},"4":{"start":{"line":9,"column":6},"end":{"line":13,"column":7}},"5":{"start":{"line":16,"column":6},"end":{"line":20,"column":7}}},"fnMap":{"0":{"name":"(anonymous_0)","decl":{"start":{"line":1,"column":21},"end":{"line":1,"column":22}},"loc":{"start":{"line":1,"column":47},"end":{"line":23,"column":1}},"line":1}},"branchMap":{"0":{"loc":{"start":{"line":2,"column":2},"end":{"line":22,"column":3}},"type":"if","locations":[{"start":{"line":2,"column":2},"end":{"line":22,"column":3}},{"start":{"line":7,"column":2},"end":{"line":22,"column":3}}],"line":2},"1":{"loc":{"start":{"line":2,"column":6},"end":{"line":2,"column":40}},"type":"binary-expr","locations":[{"start":{"line":2,"column":6},"end":{"line":2,"column":22}},{"start":{"line":2,"column":26},"end":{"line":2,"column":40}}],"line":2},"2":{"loc":{"start":{"line":8,"column":4},"end":{"line":21,"column":5}},"type":"if","locations":[{"start":{"line":8,"column":4},"end":{"line":21,"column":5}},{"start":{"line":15,"column":9},"end":{"line":21,"column":5}}],"line":8}},"s":{"0":0,"1":0,"2":0,"3":0,"4":0,"5":0},"f":{"0":0},"b":{"0":[0,0],"1":[0,0],"2":[0,0]}}
,"/Users/sorsa/Desktop/github/hyo_fullstack_kurssi/viikko_5/blogs/frontend/src/components/Blog.jsx": {"path":"/Users/sorsa/Desktop/github/hyo_fullstack_kurssi/viikko_5/blogs/frontend/src/components/Blog.jsx","statementMap":{"0":{"start":{"line":1,"column":13},"end":{"line":7,"column":1}},"1":{"start":{"line":2,"column":2},"end":{"line":6,"column":3}}},"fnMap":{"0":{"name":"(anonymous_0)","decl":{"start":{"line":1,"column":13},"end":{"line":1,"column":14}},"loc":{"start":{"line":1,"column":27},"end":{"line":7,"column":1}},"line":1}},"branchMap":{},"s":{"0":1,"1":1},"f":{"0":1},"b":{},"_coverageSchema":"1a1c01bbd47fc00a2c39e90264f33305004495a9","hash":"a83bb983f570e15783e7f7773212d4835314ba3f"}
,"/Users/sorsa/Desktop/github/hyo_fullstack_kurssi/viikko_5/blogs/frontend/src/components/Blogs.jsx": {"path":"/Users/sorsa/Desktop/github/hyo_fullstack_kurssi/viikko_5/blogs/frontend/src/components/Blogs.jsx","statementMap":{"0":{"start":{"line":3,"column":14},"end":{"line":16,"column":1}},"1":{"start":{"line":5,"column":2},"end":{"line":13,"column":5}},"2":{"start":{"line":7,"column":4},"end":{"line":7,"column":20}},"3":{"start":{"line":10,"column":4},"end":{"line":13,"column":5}},"4":{"start":{"line":12,"column":6},"end":{"line":12,"column":28}},"5":{"start":{"line":15,"column":2},"end":{"line":15,"column":33}},"6":{"start":{"line":18,"column":16},"end":{"line":24,"column":1}},"7":{"start":{"line":19,"column":2},"end":{"line":23,"column":3}},"8":{"start":{"line":26,"column":22},"end":{"line":33,"column":1}},"9":{"start":{"line":27,"column":2},"end":{"line":32,"column":3}},"10":{"start":{"line":35,"column":26},"end":{"line":48,"column":1}},"11":{"start":{"line":36,"column":2},"end":{"line":36,"column":20}},"12":{"start":{"line":37,"column":14},"end":{"line":37,"column":15}},"13":{"start":{"line":38,"column":2},"end":{"line":47,"column":3}},"14":{"start":{"line":42,"column":8},"end":{"line":44,"column":14}}},"fnMap":{"0":{"name":"(anonymous_0)","decl":{"start":{"line":3,"column":14},"end":{"line":3,"column":15}},"loc":{"start":{"line":3,"column":25},"end":{"line":16,"column":1}},"line":3},"1":{"name":"(anonymous_1)","decl":{"start":{"line":18,"column":16},"end":{"line":18,"column":17}},"loc":{"start":{"line":18,"column":22},"end":{"line":24,"column":1}},"line":18},"2":{"name":"(anonymous_2)","decl":{"start":{"line":26,"column":22},"end":{"line":26,"column":23}},"loc":{"start":{"line":26,"column":28},"end":{"line":33,"column":1}},"line":26},"3":{"name":"(anonymous_3)","decl":{"start":{"line":35,"column":26},"end":{"line":35,"column":27}},"loc":{"start":{"line":35,"column":37},"end":{"line":48,"column":1}},"line":35},"4":{"name":"(anonymous_4)","decl":{"start":{"line":41,"column":23},"end":{"line":41,"column":24}},"loc":{"start":{"line":42,"column":8},"end":{"line":44,"column":14}},"line":42}},"branchMap":{"0":{"loc":{"start":{"line":5,"column":2},"end":{"line":13,"column":5}},"type":"if","locations":[{"start":{"line":5,"column":2},"end":{"line":13,"column":5}},{"start":{"line":10,"column":4},"end":{"line":13,"column":5}}],"line":5},"1":{"loc":{"start":{"line":5,"column":5},"end":{"line":5,"column":52}},"type":"binary-expr","locations":[{"start":{"line":5,"column":5},"end":{"line":5,"column":24}},{"start":{"line":5,"column":28},"end":{"line":5,"column":52}}],"line":5},"2":{"loc":{"start":{"line":10,"column":4},"end":{"line":13,"column":5}},"type":"if","locations":[{"start":{"line":10,"column":4},"end":{"line":13,"column":5}},{"start":{},"end":{}}],"line":10},"3":{"loc":{"start":{"line":10,"column":7},"end":{"line":10,"column":84}},"type":"binary-expr","locations":[{"start":{"line":10,"column":7},"end":{"line":10,"column":32}},{"start":{"line":10,"column":36},"end":{"line":10,"column":56}},{"start":{"line":10,"column":60},"end":{"line":10,"column":84}}],"line":10}},"s":{"0":0,"1":0,"2":0,"3":0,"4":0,"5":0,"6":0,"7":0,"8":0,"9":0,"10":0,"11":0,"12":0,"13":0,"14":0},"f":{"0":0,"1":0,"2":0,"3":0,"4":0},"b":{"0":[0,0],"1":[0,0],"2":[0,0],"3":[0,0,0]}}
,"/Users/sorsa/Desktop/github/hyo_fullstack_kurssi/viikko_5/blogs/frontend/src/components/Button2.jsx": {"path":"/Users/sorsa/Desktop/github/hyo_fullstack_kurssi/viikko_5/blogs/frontend/src/components/Button2.jsx","statementMap":{"0":{"start":{"line":1,"column":16},"end":{"line":5,"column":1}},"1":{"start":{"line":2,"column":2},"end":{"line":4,"column":11}}},"fnMap":{"0":{"name":"(anonymous_0)","decl":{"start":{"line":1,"column":16},"end":{"line":1,"column":17}},"loc":{"start":{"line":2,"column":2},"end":{"line":4,"column":11}},"line":2}},"branchMap":{},"s":{"0":0,"1":0},"f":{"0":0},"b":{}}
,"/Users/sorsa/Desktop/github/hyo_fullstack_kurssi/viikko_5/blogs/frontend/src/components/FullBlogInfo.jsx": {"path":"/Users/sorsa/Desktop/github/hyo_fullstack_kurssi/viikko_5/blogs/frontend/src/components/FullBlogInfo.jsx","statementMap":{"0":{"start":{"line":4,"column":14},"end":{"line":4,"column":27}},"1":{"start":{"line":5,"column":16},"end":{"line":5,"column":28}},"2":{"start":{"line":10,"column":18},"end":{"line":16,"column":1}},"3":{"start":{"line":18,"column":19},"end":{"line":20,"column":1}},"4":{"start":{"line":25,"column":15},"end":{"line":40,"column":1}},"5":{"start":{"line":26,"column":2},"end":{"line":26,"column":24}},"6":{"start":{"line":27,"column":14},"end":{"line":27,"column":50}},"7":{"start":{"line":28,"column":21},"end":{"line":28,"column":57}},"8":{"start":{"line":29,"column":15},"end":{"line":29,"column":53}},"9":{"start":{"line":30,"column":2},"end":{"line":39,"column":3}},"10":{"start":{"line":32,"column":4},"end":{"line":32,"column":38}},"11":{"start":{"line":33,"column":4},"end":{"line":33,"column":29}},"12":{"start":{"line":37,"column":4},"end":{"line":37,"column":37}},"13":{"start":{"line":38,"column":4},"end":{"line":38,"column":29}},"14":{"start":{"line":46,"column":21},"end":{"line":56,"column":1}},"15":{"start":{"line":48,"column":2},"end":{"line":55,"column":3}},"16":{"start":{"line":50,"column":4},"end":{"line":50,"column":31}},"17":{"start":{"line":54,"column":4},"end":{"line":54,"column":34}},"18":{"start":{"line":58,"column":25},"end":{"line":79,"column":1}},"19":{"start":{"line":59,"column":2},"end":{"line":78,"column":3}},"20":{"start":{"line":71,"column":66},"end":{"line":71,"column":101}},"21":{"start":{"line":81,"column":22},"end":{"line":105,"column":1}},"22":{"start":{"line":82,"column":2},"end":{"line":104,"column":3}},"23":{"start":{"line":94,"column":66},"end":{"line":94,"column":101}},"24":{"start":{"line":100,"column":69},"end":{"line":100,"column":105}}},"fnMap":{"0":{"name":"(anonymous_0)","decl":{"start":{"line":25,"column":15},"end":{"line":25,"column":16}},"loc":{"start":{"line":25,"column":26},"end":{"line":40,"column":1}},"line":25},"1":{"name":"(anonymous_1)","decl":{"start":{"line":46,"column":21},"end":{"line":46,"column":22}},"loc":{"start":{"line":46,"column":32},"end":{"line":56,"column":1}},"line":46},"2":{"name":"(anonymous_2)","decl":{"start":{"line":58,"column":25},"end":{"line":58,"column":26}},"loc":{"start":{"line":58,"column":36},"end":{"line":79,"column":1}},"line":58},"3":{"name":"(anonymous_3)","decl":{"start":{"line":71,"column":56},"end":{"line":71,"column":57}},"loc":{"start":{"line":71,"column":65},"end":{"line":71,"column":102}},"line":71},"4":{"name":"(anonymous_4)","decl":{"start":{"line":81,"column":22},"end":{"line":81,"column":23}},"loc":{"start":{"line":81,"column":33},"end":{"line":105,"column":1}},"line":81},"5":{"name":"(anonymous_5)","decl":{"start":{"line":94,"column":56},"end":{"line":94,"column":57}},"loc":{"start":{"line":94,"column":65},"end":{"line":94,"column":102}},"line":94},"6":{"name":"(anonymous_6)","decl":{"start":{"line":100,"column":59},"end":{"line":100,"column":60}},"loc":{"start":{"line":100,"column":68},"end":{"line":100,"column":106}},"line":100}},"branchMap":{"0":{"loc":{"start":{"line":30,"column":2},"end":{"line":39,"column":3}},"type":"if","locations":[{"start":{"line":30,"column":2},"end":{"line":39,"column":3}},{"start":{"line":36,"column":2},"end":{"line":39,"column":3}}],"line":30},"1":{"loc":{"start":{"line":48,"column":2},"end":{"line":55,"column":3}},"type":"if","locations":[{"start":{"line":48,"column":2},"end":{"line":55,"column":3}},{"start":{"line":53,"column":2},"end":{"line":55,"column":3}}],"line":48}},"s":{"0":0,"1":0,"2":0,"3":0,"4":0,"5":0,"6":0,"7":0,"8":0,"9":0,"10":0,"11":0,"12":0,"13":0,"14":0,"15":0,"16":0,"17":0,"18":0,"19":0,"20":0,"21":0,"22":0,"23":0,"24":0},"f":{"0":0,"1":0,"2":0,"3":0,"4":0,"5":0,"6":0},"b":{"0":[0,0],"1":[0,0]}}
,"/Users/sorsa/Desktop/github/hyo_fullstack_kurssi/viikko_5/blogs/frontend/src/components/LoginInputs.jsx": {"path":"/Users/sorsa/Desktop/github/hyo_fullstack_kurssi/viikko_5/blogs/frontend/src/components/LoginInputs.jsx","statementMap":{"0":{"start":{"line":1,"column":20},"end":{"line":22,"column":1}},"1":{"start":{"line":2,"column":2},"end":{"line":21,"column":3}}},"fnMap":{"0":{"name":"(anonymous_0)","decl":{"start":{"line":1,"column":20},"end":{"line":1,"column":21}},"loc":{"start":{"line":1,"column":66},"end":{"line":22,"column":1}},"line":1}},"branchMap":{},"s":{"0":0,"1":0},"f":{"0":0},"b":{}}
,"/Users/sorsa/Desktop/github/hyo_fullstack_kurssi/viikko_5/blogs/frontend/src/components/LoginInputs2.jsx": {"path":"/Users/sorsa/Desktop/github/hyo_fullstack_kurssi/viikko_5/blogs/frontend/src/components/LoginInputs2.jsx","statementMap":{"0":{"start":{"line":3,"column":21},"end":{"line":24,"column":1}},"1":{"start":{"line":4,"column":2},"end":{"line":23,"column":3}},"2":{"start":{"line":26,"column":0},"end":{"line":32,"column":1}}},"fnMap":{"0":{"name":"(anonymous_0)","decl":{"start":{"line":3,"column":21},"end":{"line":3,"column":22}},"loc":{"start":{"line":3,"column":32},"end":{"line":24,"column":1}},"line":3}},"branchMap":{},"s":{"0":0,"1":0,"2":0},"f":{"0":0},"b":{}}
,"/Users/sorsa/Desktop/github/hyo_fullstack_kurssi/viikko_5/blogs/frontend/src/components/NewBlog.jsx": {"path":"/Users/sorsa/Desktop/github/hyo_fullstack_kurssi/viikko_5/blogs/frontend/src/components/NewBlog.jsx","statementMap":{"0":{"start":{"line":1,"column":16},"end":{"line":36,"column":1}},"1":{"start":{"line":3,"column":2},"end":{"line":35,"column":3}}},"fnMap":{"0":{"name":"(anonymous_0)","decl":{"start":{"line":1,"column":16},"end":{"line":1,"column":17}},"loc":{"start":{"line":1,"column":27},"end":{"line":36,"column":1}},"line":1}},"branchMap":{},"s":{"0":0,"1":0},"f":{"0":0},"b":{}}
,"/Users/sorsa/Desktop/github/hyo_fullstack_kurssi/viikko_5/blogs/frontend/src/components/NewBlog2.jsx": {"path":"/Users/sorsa/Desktop/github/hyo_fullstack_kurssi/viikko_5/blogs/frontend/src/components/NewBlog2.jsx","statementMap":{"0":{"start":{"line":3,"column":17},"end":{"line":54,"column":1}},"1":{"start":{"line":5,"column":34},"end":{"line":5,"column":46}},"2":{"start":{"line":6,"column":36},"end":{"line":6,"column":48}},"3":{"start":{"line":7,"column":30},"end":{"line":7,"column":42}},"4":{"start":{"line":8,"column":34},"end":{"line":8,"column":46}},"5":{"start":{"line":10,"column":18},"end":{"line":20,"column":3}},"6":{"start":{"line":11,"column":4},"end":{"line":11,"column":26}},"7":{"start":{"line":12,"column":4},"end":{"line":18,"column":6}},"8":{"start":{"line":19,"column":4},"end":{"line":19,"column":17}},"9":{"start":{"line":22,"column":22},"end":{"line":27,"column":3}},"10":{"start":{"line":23,"column":4},"end":{"line":23,"column":19}},"11":{"start":{"line":24,"column":4},"end":{"line":24,"column":20}},"12":{"start":{"line":25,"column":4},"end":{"line":25,"column":17}},"13":{"start":{"line":26,"column":4},"end":{"line":26,"column":19}},"14":{"start":{"line":29,"column":2},"end":{"line":53,"column":3}},"15":{"start":{"line":35,"column":149},"end":{"line":35,"column":180}},"16":{"start":{"line":38,"column":152},"end":{"line":38,"column":184}},"17":{"start":{"line":41,"column":143},"end":{"line":41,"column":172}},"18":{"start":{"line":44,"column":151},"end":{"line":44,"column":182}}},"fnMap":{"0":{"name":"(anonymous_0)","decl":{"start":{"line":3,"column":17},"end":{"line":3,"column":18}},"loc":{"start":{"line":3,"column":43},"end":{"line":54,"column":1}},"line":3},"1":{"name":"(anonymous_1)","decl":{"start":{"line":10,"column":18},"end":{"line":10,"column":19}},"loc":{"start":{"line":10,"column":29},"end":{"line":20,"column":3}},"line":10},"2":{"name":"(anonymous_2)","decl":{"start":{"line":22,"column":22},"end":{"line":22,"column":23}},"loc":{"start":{"line":22,"column":28},"end":{"line":27,"column":3}},"line":22},"3":{"name":"(anonymous_3)","decl":{"start":{"line":35,"column":140},"end":{"line":35,"column":141}},"loc":{"start":{"line":35,"column":149},"end":{"line":35,"column":180}},"line":35},"4":{"name":"(anonymous_4)","decl":{"start":{"line":38,"column":143},"end":{"line":38,"column":144}},"loc":{"start":{"line":38,"column":152},"end":{"line":38,"column":184}},"line":38},"5":{"name":"(anonymous_5)","decl":{"start":{"line":41,"column":134},"end":{"line":41,"column":135}},"loc":{"start":{"line":41,"column":143},"end":{"line":41,"column":172}},"line":41},"6":{"name":"(anonymous_6)","decl":{"start":{"line":44,"column":142},"end":{"line":44,"column":143}},"loc":{"start":{"line":44,"column":151},"end":{"line":44,"column":182}},"line":44}},"branchMap":{"0":{"loc":{"start":{"line":16,"column":13},"end":{"line":16,"column":36}},"type":"cond-expr","locations":[{"start":{"line":16,"column":24},"end":{"line":16,"column":32}},{"start":{"line":16,"column":35},"end":{"line":16,"column":36}}],"line":16}},"s":{"0":1,"1":50,"2":50,"3":50,"4":50,"5":50,"6":1,"7":1,"8":1,"9":50,"10":1,"11":1,"12":1,"13":1,"14":50,"15":16,"16":17,"17":14,"18":1},"f":{"0":50,"1":1,"2":1,"3":16,"4":17,"5":14,"6":1},"b":{"0":[1,0]},"_coverageSchema":"1a1c01bbd47fc00a2c39e90264f33305004495a9","hash":"92d339cdea9272c7a37bd2ae255e171eaad3f405"}
,"/Users/sorsa/Desktop/github/hyo_fullstack_kurssi/viikko_5/blogs/frontend/src/components/ShowUser.jsx": {"path":"/Users/sorsa/Desktop/github/hyo_fullstack_kurssi/viikko_5/blogs/frontend/src/components/ShowUser.jsx","statementMap":{"0":{"start":{"line":1,"column":17},"end":{"line":11,"column":1}},"1":{"start":{"line":2,"column":2},"end":{"line":10,"column":3}}},"fnMap":{"0":{"name":"(anonymous_0)","decl":{"start":{"line":1,"column":17},"end":{"line":1,"column":18}},"loc":{"start":{"line":1,"column":38},"end":{"line":11,"column":1}},"line":1}},"branchMap":{},"s":{"0":0,"1":0},"f":{"0":0},"b":{}}
,"/Users/sorsa/Desktop/github/hyo_fullstack_kurssi/viikko_5/blogs/frontend/src/components/Togglable.jsx": {"path":"/Users/sorsa/Desktop/github/hyo_fullstack_kurssi/viikko_5/blogs/frontend/src/components/Togglable.jsx","statementMap":{"0":{"start":{"line":7,"column":18},"end":{"line":35,"column":2}},"1":{"start":{"line":8,"column":32},"end":{"line":8,"column":47}},"2":{"start":{"line":10,"column":26},"end":{"line":10,"column":60}},"3":{"start":{"line":11,"column":26},"end":{"line":11,"column":60}},"4":{"start":{"line":13,"column":27},"end":{"line":15,"column":3}},"5":{"start":{"line":14,"column":4},"end":{"line":14,"column":24}},"6":{"start":{"line":17,"column":2},"end":{"line":21,"column":4}},"7":{"start":{"line":18,"column":4},"end":{"line":20,"column":5}},"8":{"start":{"line":23,"column":2},"end":{"line":34,"column":3}},"9":{"start":{"line":37,"column":0},"end":{"line":37,"column":35}},"10":{"start":{"line":39,"column":0},"end":{"line":42,"column":1}}},"fnMap":{"0":{"name":"(anonymous_0)","decl":{"start":{"line":7,"column":29},"end":{"line":7,"column":30}},"loc":{"start":{"line":7,"column":45},"end":{"line":35,"column":1}},"line":7},"1":{"name":"(anonymous_1)","decl":{"start":{"line":13,"column":27},"end":{"line":13,"column":28}},"loc":{"start":{"line":13,"column":33},"end":{"line":15,"column":3}},"line":13},"2":{"name":"(anonymous_2)","decl":{"start":{"line":17,"column":27},"end":{"line":17,"column":28}},"loc":{"start":{"line":17,"column":33},"end":{"line":21,"column":3}},"line":17}},"branchMap":{"0":{"loc":{"start":{"line":10,"column":37},"end":{"line":10,"column":58}},"type":"cond-expr","locations":[{"start":{"line":10,"column":47},"end":{"line":10,"column":53}},{"start":{"line":10,"column":56},"end":{"line":10,"column":58}}],"line":10},"1":{"loc":{"start":{"line":11,"column":37},"end":{"line":11,"column":58}},"type":"cond-expr","locations":[{"start":{"line":11,"column":47},"end":{"line":11,"column":49}},{"start":{"line":11,"column":52},"end":{"line":11,"column":58}}],"line":11}},"s":{"0":1,"1":7,"2":7,"3":7,"4":7,"5":3,"6":7,"7":0,"8":7,"9":1,"10":1},"f":{"0":7,"1":3,"2":0},"b":{"0":[2,5],"1":[2,5]},"_coverageSchema":"1a1c01bbd47fc00a2c39e90264f33305004495a9","hash":"b0e2c3dae90ed796358bcce70bddb13a4a886592"}
,"/Users/sorsa/Desktop/github/hyo_fullstack_kurssi/viikko_5/blogs/frontend/src/helpers/sortBlogs.js": {"path":"/Users/sorsa/Desktop/github/hyo_fullstack_kurssi/viikko_5/blogs/frontend/src/helpers/sortBlogs.js","statementMap":{"0":{"start":{"line":4,"column":26},"end":{"line":7,"column":1}},"1":{"start":{"line":5,"column":15},"end":{"line":5,"column":55}},"2":{"start":{"line":5,"column":33},"end":{"line":5,"column":54}},"3":{"start":{"line":6,"column":2},"end":{"line":6,"column":13}},"4":{"start":{"line":12,"column":23},"end":{"line":21,"column":1}},"5":{"start":{"line":13,"column":2},"end":{"line":20,"column":3}},"6":{"start":{"line":15,"column":4},"end":{"line":15,"column":80}},"7":{"start":{"line":15,"column":31},"end":{"line":15,"column":77}},"8":{"start":{"line":19,"column":4},"end":{"line":19,"column":16}},"9":{"start":{"line":26,"column":28},"end":{"line":28,"column":1}},"10":{"start":{"line":27,"column":2},"end":{"line":27,"column":64}},"11":{"start":{"line":27,"column":38},"end":{"line":27,"column":63}},"12":{"start":{"line":33,"column":23},"end":{"line":35,"column":1}},"13":{"start":{"line":34,"column":2},"end":{"line":34,"column":47}},"14":{"start":{"line":34,"column":32},"end":{"line":34,"column":46}}},"fnMap":{"0":{"name":"(anonymous_0)","decl":{"start":{"line":4,"column":26},"end":{"line":4,"column":27}},"loc":{"start":{"line":4,"column":43},"end":{"line":7,"column":1}},"line":4},"1":{"name":"(anonymous_1)","decl":{"start":{"line":5,"column":25},"end":{"line":5,"column":26}},"loc":{"start":{"line":5,"column":33},"end":{"line":5,"column":54}},"line":5},"2":{"name":"(anonymous_2)","decl":{"start":{"line":12,"column":23},"end":{"line":12,"column":24}},"loc":{"start":{"line":12,"column":43},"end":{"line":21,"column":1}},"line":12},"3":{"name":"(anonymous_3)","decl":{"start":{"line":15,"column":21},"end":{"line":15,"column":22}},"loc":{"start":{"line":15,"column":29},"end":{"line":15,"column":79}},"line":15},"4":{"name":"(anonymous_4)","decl":{"start":{"line":26,"column":28},"end":{"line":26,"column":29}},"loc":{"start":{"line":26,"column":39},"end":{"line":28,"column":1}},"line":26},"5":{"name":"(anonymous_5)","decl":{"start":{"line":27,"column":20},"end":{"line":27,"column":21}},"loc":{"start":{"line":27,"column":38},"end":{"line":27,"column":63}},"line":27},"6":{"name":"(anonymous_6)","decl":{"start":{"line":33,"column":23},"end":{"line":33,"column":24}},"loc":{"start":{"line":33,"column":38},"end":{"line":35,"column":1}},"line":33},"7":{"name":"(anonymous_7)","decl":{"start":{"line":34,"column":22},"end":{"line":34,"column":23}},"loc":{"start":{"line":34,"column":32},"end":{"line":34,"column":46}},"line":34}},"branchMap":{"0":{"loc":{"start":{"line":15,"column":38},"end":{"line":15,"column":77}},"type":"cond-expr","locations":[{"start":{"line":15,"column":63},"end":{"line":15,"column":70}},{"start":{"line":15,"column":73},"end":{"line":15,"column":77}}],"line":15}},"s":{"0":0,"1":0,"2":0,"3":0,"4":0,"5":0,"6":0,"7":0,"8":0,"9":0,"10":0,"11":0,"12":0,"13":0,"14":0},"f":{"0":0,"1":0,"2":0,"3":0,"4":0,"5":0,"6":0,"7":0},"b":{"0":[0,0]}}
,"/Users/sorsa/Desktop/github/hyo_fullstack_kurssi/viikko_5/blogs/frontend/src/services/blogService.js": {"path":"/Users/sorsa/Desktop/github/hyo_fullstack_kurssi/viikko_5/blogs/frontend/src/services/blogService.js","statementMap":{"0":{"start":{"line":3,"column":16},"end":{"line":3,"column":49}},"1":{"start":{"line":11,"column":17},"end":{"line":13,"column":1}},"2":{"start":{"line":12,"column":2},"end":{"line":12,"column":30}},"3":{"start":{"line":19,"column":15},"end":{"line":32,"column":1}},"4":{"start":{"line":20,"column":2},"end":{"line":31,"column":3}},"5":{"start":{"line":22,"column":19},"end":{"line":24,"column":5}},"6":{"start":{"line":25,"column":21},"end":{"line":25,"column":63}},"7":{"start":{"line":26,"column":4},"end":{"line":26,"column":24}},"8":{"start":{"line":30,"column":4},"end":{"line":30,"column":56}},"9":{"start":{"line":39,"column":15},"end":{"line":49,"column":1}},"10":{"start":{"line":40,"column":2},"end":{"line":48,"column":3}},"11":{"start":{"line":42,"column":20},"end":{"line":42,"column":61}},"12":{"start":{"line":43,"column":4},"end":{"line":43,"column":25}},"13":{"start":{"line":47,"column":4},"end":{"line":47,"column":59}},"14":{"start":{"line":54,"column":15},"end":{"line":60,"column":1}},"15":{"start":{"line":55,"column":19},"end":{"line":58,"column":4}},"16":{"start":{"line":56,"column":4},"end":{"line":56,"column":32}},"17":{"start":{"line":57,"column":4},"end":{"line":57,"column":13}},"18":{"start":{"line":59,"column":2},"end":{"line":59,"column":22}},"19":{"start":{"line":65,"column":22},"end":{"line":76,"column":1}},"20":{"start":{"line":66,"column":2},"end":{"line":75,"column":3}},"21":{"start":{"line":68,"column":20},"end":{"line":68,"column":55}},"22":{"start":{"line":69,"column":4},"end":{"line":69,"column":23}},"23":{"start":{"line":73,"column":4},"end":{"line":73,"column":54}},"24":{"start":{"line":74,"column":4},"end":{"line":74,"column":20}},"25":{"start":{"line":81,"column":19},"end":{"line":95,"column":1}},"26":{"start":{"line":82,"column":2},"end":{"line":94,"column":3}},"27":{"start":{"line":84,"column":4},"end":{"line":84,"column":62}},"28":{"start":{"line":85,"column":19},"end":{"line":85,"column":57}},"29":{"start":{"line":86,"column":4},"end":{"line":86,"column":47}},"30":{"start":{"line":87,"column":4},"end":{"line":87,"column":24}},"31":{"start":{"line":91,"column":4},"end":{"line":91,"column":47}},"32":{"start":{"line":92,"column":4},"end":{"line":92,"column":52}},"33":{"start":{"line":93,"column":4},"end":{"line":93,"column":20}}},"fnMap":{"0":{"name":"(anonymous_0)","decl":{"start":{"line":11,"column":17},"end":{"line":11,"column":18}},"loc":{"start":{"line":11,"column":29},"end":{"line":13,"column":1}},"line":11},"1":{"name":"(anonymous_1)","decl":{"start":{"line":19,"column":15},"end":{"line":19,"column":16}},"loc":{"start":{"line":19,"column":32},"end":{"line":32,"column":1}},"line":19},"2":{"name":"(anonymous_2)","decl":{"start":{"line":39,"column":15},"end":{"line":39,"column":16}},"loc":{"start":{"line":39,"column":35},"end":{"line":49,"column":1}},"line":39},"3":{"name":"(anonymous_3)","decl":{"start":{"line":54,"column":15},"end":{"line":54,"column":16}},"loc":{"start":{"line":54,"column":27},"end":{"line":60,"column":1}},"line":54},"4":{"name":"(anonymous_4)","decl":{"start":{"line":55,"column":50},"end":{"line":55,"column":51}},"loc":{"start":{"line":55,"column":59},"end":{"line":58,"column":3}},"line":55},"5":{"name":"(anonymous_5)","decl":{"start":{"line":65,"column":22},"end":{"line":65,"column":23}},"loc":{"start":{"line":65,"column":36},"end":{"line":76,"column":1}},"line":65},"6":{"name":"(anonymous_6)","decl":{"start":{"line":81,"column":19},"end":{"line":81,"column":20}},"loc":{"start":{"line":81,"column":40},"end":{"line":95,"column":1}},"line":81}},"branchMap":{},"s":{"0":0,"1":0,"2":0,"3":0,"4":0,"5":0,"6":0,"7":0,"8":0,"9":0,"10":0,"11":0,"12":0,"13":0,"14":0,"15":0,"16":0,"17":0,"18":0,"19":0,"20":0,"21":0,"22":0,"23":0,"24":0,"25":0,"26":0,"27":0,"28":0,"29":0,"30":0,"31":0,"32":0,"33":0},"f":{"0":0,"1":0,"2":0,"3":0,"4":0,"5":0,"6":0},"b":{}}
,"/Users/sorsa/Desktop/github/hyo_fullstack_kurssi/viikko_5/blogs/frontend/src/services/loginService.js": {"path":"/Users/sorsa/Desktop/github/hyo_fullstack_kurssi/viikko_5/blogs/frontend/src/services/loginService.js","statementMap":{"0":{"start":{"line":2,"column":16},"end":{"line":2,"column":49}},"1":{"start":{"line":4,"column":14},"end":{"line":9,"column":1}},"2":{"start":{"line":5,"column":19},"end":{"line":7,"column":4}},"3":{"start":{"line":6,"column":4},"end":{"line":6,"column":47}},"4":{"start":{"line":8,"column":2},"end":{"line":8,"column":22}}},"fnMap":{"0":{"name":"(anonymous_0)","decl":{"start":{"line":4,"column":14},"end":{"line":4,"column":15}},"loc":{"start":{"line":4,"column":35},"end":{"line":9,"column":1}},"line":4},"1":{"name":"(anonymous_1)","decl":{"start":{"line":5,"column":64},"end":{"line":5,"column":65}},"loc":{"start":{"line":5,"column":73},"end":{"line":7,"column":3}},"line":5}},"branchMap":{},"s":{"0":0,"1":0,"2":0,"3":0,"4":0},"f":{"0":0,"1":0},"b":{}}
}
